2024-09-26 14:58:06,112:INFO: Loading trained model and scalers...
2024-09-26 15:00:53,124:INFO: Loading trained model and scalers...
2024-09-26 15:32:33,791:INFO: Loading trained model and scalers...
2024-09-26 15:32:37,734:INFO: Starting inference...
2024-09-26 15:47:36,096:INFO: Loading trained model and scalers...
2024-09-26 15:47:40,036:INFO: Starting inference...
2024-09-26 15:50:08,308:INFO: Loading trained model and scalers...
2024-09-26 15:50:12,249:INFO: Starting inference...
2024-09-26 15:50:22,414:INFO: Loading trained model and scalers...
2024-09-26 15:50:26,383:INFO: Starting inference...
2024-09-26 15:52:04,645:INFO: Loading trained model and scalers...
2024-09-26 15:52:08,561:INFO: Starting inference...
2024-09-26 15:59:40,104:INFO: Loading trained model and scalers...
2024-09-26 15:59:43,989:INFO: Starting inference...
2024-09-26 16:04:11,204:INFO: Loading trained model and scalers...
2024-09-26 16:04:15,185:INFO: Starting inference...
2024-09-26 16:04:15,651:INFO: Image saved to output/inferred_image.jpg
2024-09-26 16:04:15,651:INFO: Inference completed.
2024-09-26 16:06:48,625:INFO: Loading trained model and scalers...
2024-09-26 16:06:52,560:INFO: Starting inference...
2024-09-26 16:06:53,032:INFO: Image saved to output/inferred_image.jpg
2024-09-26 16:06:53,032:INFO: Inference completed.
2024-09-26 16:13:27,563:INFO: Loading trained model and scalers...
2024-09-26 16:13:31,500:INFO: Starting inference...
2024-09-26 16:13:31,990:INFO: Image saved to output/inferred_image.jpg
2024-09-26 16:13:31,991:INFO: Inference completed.
2024-09-26 16:20:34,296:INFO: Loading trained model and scalers...
2024-09-26 16:20:38,243:INFO: Starting inference...
2024-09-26 16:20:38,742:INFO: Image saved to output/inferred_image.jpg
2024-09-26 16:20:38,742:INFO: Inference completed.
2024-09-26 16:21:35,499:INFO: Loading trained model and scalers...
2024-09-26 16:21:39,500:INFO: Starting inference...
2024-09-26 16:22:18,575:INFO: Loading trained model and scalers...
2024-09-26 16:22:22,549:INFO: Starting inference...
2024-09-26 16:22:23,039:INFO: Image saved to output/inferred_image.jpg
2024-09-26 16:22:23,039:INFO: Inference completed.
2024-09-26 16:28:08,843:INFO: Loading trained model and scalers...
2024-09-26 16:28:12,776:INFO: Starting inference...
2024-09-26 16:28:13,268:INFO: Image saved to output/inferred_image.jpg
2024-09-26 16:28:13,268:INFO: Inference completed.
2024-09-26 16:29:33,999:INFO: Loading trained model and scalers...
2024-09-26 16:29:37,925:INFO: Starting inference...
2024-09-26 16:29:38,414:INFO: Image saved to output/inferred_image.jpg
2024-09-26 16:29:38,414:INFO: Inference completed.
2024-09-26 16:34:27,897:INFO: Loading trained model and scalers...
2024-09-26 16:34:31,811:INFO: Starting inference...
2024-09-26 16:35:14,190:INFO: Loading trained model and scalers...
2024-09-26 16:35:18,104:INFO: Starting inference...
2024-09-26 16:35:18,539:INFO: Image saved to output/inferred_image.jpg
2024-09-26 16:35:18,539:INFO: Inference completed.
2024-09-26 16:35:48,883:INFO: Loading trained model and scalers...
2024-09-26 16:35:52,813:INFO: Starting inference...
2024-09-26 16:35:53,306:INFO: Image saved to output/inferred_image.jpg
2024-09-26 16:35:53,306:INFO: Inference completed.
2024-09-26 16:51:42,437:INFO: Loading trained model and scalers...
2024-09-26 16:51:46,493:INFO: Starting inference...
2024-09-26 16:51:47,037:INFO: Image saved to output/inferred_image.jpg
2024-09-26 16:51:47,037:INFO: Inference completed.
2024-09-26 17:23:13,072:INFO: Loading trained model and scalers...
2024-09-26 17:23:16,920:INFO: Starting inference...
2024-09-26 17:23:17,406:INFO: Image saved to output/inferred_image.jpg
2024-09-26 17:23:17,407:INFO: Inference completed.
2024-09-26 17:24:54,520:INFO: Loading trained model and scalers...
2024-09-26 17:24:58,437:INFO: Starting inference...
2024-09-26 17:24:58,924:INFO: Image saved to output/inferred_image.jpg
2024-09-26 17:24:58,924:INFO: Inference completed.
2024-09-28 08:22:54,987:INFO: Loading trained model and scalers...
2024-09-28 08:22:58,836:INFO: Starting inference...
2024-09-28 08:27:06,306:INFO: Loading trained model and scalers...
2024-09-28 08:27:10,298:INFO: Starting inference...
2024-09-28 08:27:11,686:INFO: 2D image saved to output/inferred_image_2d.png
2024-09-28 08:27:11,686:INFO: 3D image saved to output/inferred_image_3d.png
2024-09-28 08:27:11,687:INFO: Inference completed.
2024-09-28 08:31:15,647:INFO: Loading trained model and scalers...
2024-09-28 08:31:19,711:INFO: Starting inference...
2024-09-28 08:31:21,111:INFO: 2D image saved to output/inferred_image_2d.png
2024-09-28 08:31:21,111:INFO: 3D image saved to output/inferred_image_3d.png
2024-09-28 08:31:21,111:INFO: Inference completed.
2024-09-28 08:32:36,433:INFO: Loading trained model and scalers...
2024-09-28 08:32:40,400:INFO: Starting inference...
2024-09-28 08:32:41,826:INFO: 2D image saved to output/inferred_image_2d.png
2024-09-28 08:32:41,826:INFO: 3D image saved to output/inferred_image_3d.png
2024-09-28 08:32:41,827:INFO: Inference completed.
2024-09-28 08:34:45,830:INFO: Loading trained model and scalers...
2024-09-28 08:34:49,944:INFO: Starting inference...
2024-09-28 08:34:51,396:INFO: 2D image saved to output/inferred_image_2d.png
2024-09-28 08:34:51,396:INFO: 3D image saved to output/inferred_image_3d.png
2024-09-28 08:34:51,396:INFO: Inference completed.
2024-09-28 08:36:25,199:INFO: Loading trained model and scalers...
2024-09-28 08:36:29,259:INFO: Starting inference...
2024-09-28 08:36:30,656:INFO: 2D image saved to output/inferred_image_2d.png
2024-09-28 08:36:30,657:INFO: 3D image saved to output/inferred_image_3d.png
2024-09-28 08:36:30,657:INFO: Inference completed.
2024-09-28 08:37:08,857:INFO: Loading trained model and scalers...
2024-09-28 08:37:13,006:INFO: Starting inference...
2024-09-28 08:37:14,412:INFO: 2D image saved to output/inferred_image_2d.png
2024-09-28 08:37:14,412:INFO: 3D image saved to output/inferred_image_3d.png
2024-09-28 08:37:14,412:INFO: Inference completed.
2024-09-28 08:37:35,374:INFO: Loading trained model and scalers...
2024-09-28 08:37:39,470:INFO: Starting inference...
2024-09-28 08:37:40,880:INFO: 2D image saved to output/inferred_image_2d.png
2024-09-28 08:37:40,880:INFO: 3D image saved to output/inferred_image_3d.png
2024-09-28 08:37:40,880:INFO: Inference completed.
2024-09-28 08:44:20,658:INFO: Loading trained model and scalers...
2024-09-28 08:44:24,719:INFO: Starting inference...
2024-09-28 08:44:26,134:INFO: 2D image saved to output/inferred_image_2d.png
2024-09-28 08:44:26,134:INFO: 3D image saved to output/inferred_image_3d.png
2024-09-28 08:44:26,135:INFO: Inference completed.
2024-09-28 08:45:00,984:INFO: Loading trained model and scalers...
2024-09-28 08:45:05,041:INFO: Starting inference...
2024-09-28 08:45:06,493:INFO: 2D image saved to output/inferred_image_2d.png
2024-09-28 08:45:06,493:INFO: 3D image saved to output/inferred_image_3d.png
2024-09-28 08:45:06,494:INFO: Inference completed.
2024-09-28 08:46:15,002:INFO: Loading trained model and scalers...
2024-09-28 08:46:18,990:INFO: Starting inference...
2024-09-28 08:46:20,404:INFO: 2D image saved to output/inferred_image_2d.png
2024-09-28 08:46:20,404:INFO: 3D image saved to output/inferred_image_3d.png
2024-09-28 08:46:20,404:INFO: Inference completed.
2024-09-28 08:46:45,481:INFO: Loading trained model and scalers...
2024-09-28 08:46:49,550:INFO: Starting inference...
2024-09-28 08:46:50,988:INFO: 2D image saved to output/inferred_image_2d.png
2024-09-28 08:46:50,988:INFO: 3D image saved to output/inferred_image_3d.png
2024-09-28 08:46:50,988:INFO: Inference completed.
2024-09-28 08:47:30,593:INFO: Loading trained model and scalers...
2024-09-28 08:47:34,723:INFO: Starting inference...
2024-09-28 08:47:36,183:INFO: 2D image saved to output/inferred_image_2d.png
2024-09-28 08:47:36,183:INFO: 3D image saved to output/inferred_image_3d.png
2024-09-28 08:47:36,183:INFO: Inference completed.
2024-09-28 08:48:52,087:INFO: Loading trained model and scalers...
2024-09-28 08:48:56,123:INFO: Starting inference...
2024-09-28 08:48:57,742:INFO: 2D image saved to output/inferred_image_2d.png
2024-09-28 08:48:57,742:INFO: 3D image saved to output/inferred_image_3d.png
2024-09-28 08:48:57,742:INFO: Inference completed.
2024-09-28 08:49:35,784:INFO: Loading trained model and scalers...
2024-09-28 08:49:39,934:INFO: Starting inference...
2024-09-28 08:49:41,411:INFO: 2D image saved to output/inferred_image_2d.png
2024-09-28 08:49:41,411:INFO: 3D image saved to output/inferred_image_3d.png
2024-09-28 08:49:41,411:INFO: Inference completed.
2024-09-28 08:56:26,632:INFO: Loading trained model and scalers...
2024-09-28 08:56:30,635:INFO: Starting inference...
2024-09-28 08:56:32,117:INFO: 2D image saved to output/inferred_image_2d.png
2024-09-28 08:56:32,117:INFO: 3D image saved to output/inferred_image_3d.png
2024-09-28 08:56:32,117:INFO: Inference completed.
2024-09-28 08:57:48,497:INFO: Loading trained model and scalers...
2024-09-28 08:57:52,531:INFO: Starting inference...
2024-09-28 08:57:54,017:INFO: 2D image saved to output/inferred_image_2d.png
2024-09-28 08:57:54,017:INFO: 3D image saved to output/inferred_image_3d.png
2024-09-28 08:57:54,017:INFO: Inference completed.
2024-09-28 08:58:15,823:INFO: Loading trained model and scalers...
2024-09-28 08:58:19,952:INFO: Starting inference...
2024-09-28 08:58:21,492:INFO: 2D image saved to output/inferred_image_2d.png
2024-09-28 08:58:21,492:INFO: 3D image saved to output/inferred_image_3d.png
2024-09-28 08:58:21,493:INFO: Inference completed.
2024-09-28 08:59:59,779:INFO: Loading trained model and scalers...
2024-09-28 09:00:03,791:INFO: Starting inference...
2024-09-28 09:00:05,262:INFO: 2D image saved to output/inferred_image_2d.png
2024-09-28 09:00:05,262:INFO: 3D image saved to output/inferred_image_3d.png
2024-09-28 09:00:05,262:INFO: Inference completed.
2024-09-28 09:03:53,990:INFO: Loading trained model and scalers...
2024-09-28 09:03:58,135:INFO: Starting inference...
2024-09-28 09:03:59,664:INFO: 2D image saved to output/inferred_image_2d.png
2024-09-28 09:03:59,664:INFO: 3D image saved to output/inferred_image_3d.png
2024-09-28 09:03:59,665:INFO: Inference completed.
2024-09-28 09:04:54,586:INFO: Loading trained model and scalers...
2024-09-28 09:04:58,648:INFO: Starting inference...
2024-09-28 09:04:59,972:INFO: 2D image saved to output/inferred_image_2d.png
2024-09-28 09:04:59,972:INFO: 3D image saved to output/inferred_image_3d.png
2024-09-28 09:04:59,972:INFO: Inference completed.
2024-09-28 09:07:31,495:INFO: Loading trained model and scalers...
2024-09-28 09:07:35,616:INFO: Starting inference...
2024-09-28 09:07:37,054:INFO: 2D image saved to output/inferred_image_2d.png
2024-09-28 09:07:37,054:INFO: 3D image saved to output/inferred_image_3d.png
2024-09-28 09:07:37,054:INFO: Inference completed.
2024-09-28 09:09:47,851:INFO: Loading trained model and scalers...
2024-09-28 09:09:52,024:INFO: Starting inference...
2024-09-28 09:11:46,305:INFO: Loading trained model and scalers...
2024-09-28 09:11:50,323:INFO: Starting inference...
2024-09-28 09:12:26,542:INFO: Loading trained model and scalers...
2024-09-28 09:12:30,584:INFO: Starting inference...
2024-09-28 09:12:40,196:INFO: Loading trained model and scalers...
2024-09-28 09:12:44,564:INFO: Starting inference...
2024-09-28 09:12:45,954:INFO: 2D image saved to output/inferred_image_2d.png
2024-09-28 09:12:45,954:INFO: 3D image saved to output/inferred_image_3d.png
2024-09-28 09:12:45,955:INFO: Inference completed.
2024-09-28 09:13:28,448:INFO: Loading trained model and scalers...
2024-09-28 09:13:32,541:INFO: Starting inference...
2024-09-28 09:13:41,337:INFO: Loading trained model and scalers...
2024-09-28 09:13:45,555:INFO: Starting inference...
2024-09-28 09:13:46,993:INFO: 2D image saved to output/inferred_image_2d.png
2024-09-28 09:13:46,993:INFO: 3D image saved to output/inferred_image_3d.png
2024-09-28 09:13:46,993:INFO: Inference completed.
2024-09-28 09:14:28,070:INFO: Loading trained model and scalers...
2024-09-28 09:14:32,191:INFO: Starting inference...
2024-09-28 09:16:26,321:INFO: Loading trained model and scalers...
2024-09-28 09:16:30,449:INFO: Starting inference...
2024-09-28 09:16:44,151:INFO: Loading trained model and scalers...
2024-09-28 09:16:48,174:INFO: Starting inference...
2024-09-28 09:17:03,268:INFO: Loading trained model and scalers...
2024-09-28 09:17:07,327:INFO: Starting inference...
2024-09-28 09:17:08,770:INFO: 2D image saved to output/inferred_image_2d.png
2024-09-28 09:17:08,770:INFO: 3D image saved to output/inferred_image_3d.png
2024-09-28 09:17:08,770:INFO: Inference completed.
2024-09-28 09:17:48,841:INFO: Loading trained model and scalers...
2024-09-28 09:17:52,869:INFO: Starting inference...
2024-09-28 09:17:54,327:INFO: 2D image saved to output/inferred_image_2d.png
2024-09-28 09:17:54,327:INFO: 3D image saved to output/inferred_image_3d.png
2024-09-28 09:17:54,327:INFO: Inference completed.
2024-09-28 09:18:43,395:INFO: Loading trained model and scalers...
2024-09-28 09:18:47,458:INFO: Starting inference...
2024-09-28 09:18:48,925:INFO: 2D image saved to output/inferred_image_2d.png
2024-09-28 09:18:48,925:INFO: 3D image saved to output/inferred_image_3d.png
2024-09-28 09:18:48,925:INFO: Inference completed.
2024-09-28 09:20:25,358:INFO: Loading trained model and scalers...
2024-09-28 09:20:29,559:INFO: Starting inference...
2024-09-28 09:20:31,052:INFO: 2D image saved to output/inferred_image_2d.png
2024-09-28 09:20:31,052:INFO: 3D image saved to output/inferred_image_3d.png
2024-09-28 09:20:31,052:INFO: Inference completed.
2024-09-28 09:21:47,662:INFO: Loading trained model and scalers...
2024-09-28 09:21:51,656:INFO: Starting inference...
2024-09-28 09:22:32,825:INFO: Loading trained model and scalers...
2024-09-28 09:22:36,917:INFO: Starting inference...
2024-09-28 09:25:32,936:INFO: Loading trained model and scalers...
2024-09-28 09:25:36,941:INFO: Starting inference...
2024-09-28 09:25:38,412:INFO: 2D image saved to output/inferred_image_2d.png
2024-09-28 09:25:38,412:INFO: 3D image saved to output/inferred_image_3d.png
2024-09-28 09:25:38,412:INFO: Inference completed.
2024-09-28 09:26:12,359:INFO: Loading trained model and scalers...
2024-09-28 09:26:16,383:INFO: Starting inference...
2024-09-28 09:26:17,796:INFO: 2D image saved to output/inferred_image_2d.png
2024-09-28 09:26:17,796:INFO: 3D image saved to output/inferred_image_3d.png
2024-09-28 09:26:17,796:INFO: Inference completed.
2024-09-28 09:28:33,333:INFO: Loading trained model and scalers...
2024-09-28 09:28:37,350:INFO: Starting inference...
2024-09-28 09:28:38,748:INFO: 2D image saved to output/inferred_image_2d.png
2024-09-28 09:28:38,748:INFO: 3D image saved to output/inferred_image_3d.png
2024-09-28 09:28:38,748:INFO: Inference completed.
2024-09-28 09:30:42,535:INFO: Loading trained model and scalers...
2024-09-28 09:30:46,651:INFO: Starting inference...
2024-09-28 09:30:48,055:INFO: 2D image saved to output/inferred_image_2d.png
2024-09-28 09:30:48,055:INFO: 3D image saved to output/inferred_image_3d.png
2024-09-28 09:30:48,055:INFO: Inference completed.
2024-10-07 16:32:31,579:INFO: Loading trained model and scalers...
2024-10-07 16:32:35,584:INFO: Starting inference...
2024-10-07 16:33:27,751:INFO: Loading trained model and scalers...
2024-10-07 16:33:31,738:INFO: Starting inference...
2024-10-07 16:33:49,191:INFO: Loading trained model and scalers...
2024-10-07 16:33:53,189:INFO: Starting inference...
2024-10-07 16:33:54,633:INFO: 2D image saved to output/inferred_image_2d.png
2024-10-07 16:33:54,633:INFO: 3D image saved to output/inferred_image_3d.png
2024-10-07 16:33:54,633:INFO: Inference completed.
2024-10-07 16:37:17,442:INFO: Loading trained model and scalers...
2024-10-07 16:37:21,449:INFO: Starting inference...
2024-10-07 16:37:57,933:INFO: Loading trained model and scalers...
2024-10-07 16:38:01,946:INFO: Starting inference...
2024-10-07 16:41:01,556:INFO: Loading trained model and scalers...
2024-10-07 16:41:05,545:INFO: Starting inference...
2024-10-07 16:41:07,637:INFO: Loading trained model and scalers...
2024-10-07 16:41:12,020:INFO: Starting inference...
2024-10-07 16:41:14,396:INFO: Loading trained model and scalers...
2024-10-07 16:41:26,065:INFO: Loading trained model and scalers...
2024-10-07 16:41:30,058:INFO: Starting inference...
2024-10-07 16:41:53,981:INFO: Loading trained model and scalers...
2024-10-07 16:41:57,901:INFO: Starting inference...
2024-10-07 16:41:59,259:INFO: 2D image saved to output/inferred_image_2d.png
2024-10-07 16:41:59,259:INFO: 3D image saved to output/inferred_image_3d.png
2024-10-07 16:41:59,259:INFO: Inference completed.
2024-10-07 16:45:37,487:INFO: Loading trained model and scalers...
2024-10-07 16:45:41,503:INFO: Starting inference...
2024-10-07 16:45:43,589:INFO: Loading trained model and scalers...
2024-10-07 16:45:47,575:INFO: Starting inference...
2024-10-07 16:46:15,421:INFO: Loading trained model and scalers...
2024-10-07 16:46:19,397:INFO: Starting inference...
2024-10-07 16:46:20,762:INFO: 2D image saved to output/inferred_image_2d.png
2024-10-07 16:46:20,762:INFO: 3D image saved to output/inferred_image_3d.png
2024-10-07 16:46:20,763:INFO: Inference completed.
2024-10-07 16:54:04,857:INFO: Loading trained model and scalers...
2024-10-07 16:54:08,837:INFO: Starting inference...
2024-10-07 16:54:12,219:INFO: Combined image saved to output/inferred_image_combined.png
2024-10-07 16:54:12,220:INFO: Inference completed.
2024-10-07 16:56:01,769:INFO: Loading trained model and scalers...
2024-10-07 16:56:05,759:INFO: Starting inference...
2024-10-07 16:56:09,118:INFO: Combined image saved to output/inferred_image_combined.png
2024-10-07 16:56:09,119:INFO: Inference completed.
2024-10-07 16:56:54,287:INFO: Loading trained model and scalers...
2024-10-07 16:56:58,306:INFO: Starting inference...
2024-10-07 16:56:59,690:INFO: 2D image saved to output/inferred_image_2d.png
2024-10-07 16:56:59,690:INFO: 3D image saved to output/inferred_image_3d.png
2024-10-07 16:56:59,690:INFO: Inference completed.
2024-10-07 16:59:43,758:INFO: Loading trained model and scalers...
2024-10-07 16:59:47,757:INFO: Starting inference...
2024-10-07 16:59:49,292:INFO: 2D image saved to output/inferred_image_2d.png
2024-10-07 16:59:49,292:INFO: 3D image saved to output/inferred_image_3d.png
2024-10-07 16:59:49,292:INFO: Inference completed.
2024-10-07 17:01:01,856:INFO: Loading trained model and scalers...
2024-10-07 17:01:05,772:INFO: Starting inference...
2024-10-07 17:01:13,946:INFO: Combined image saved to output/inferred_image_combined.png
2024-10-07 17:01:13,947:INFO: Inference completed.
2024-10-07 17:03:49,109:INFO: Loading trained model and scalers...
2024-10-07 17:03:53,064:INFO: Starting inference...
2024-10-07 17:04:20,926:INFO: Combined image saved to output/inferred_image_combined.png
2024-10-07 17:04:20,927:INFO: Inference completed.
2024-10-07 17:06:04,013:INFO: Loading trained model and scalers...
2024-10-07 17:06:07,977:INFO: Starting inference...
2024-10-07 17:06:26,192:INFO: Combined image saved to output/inferred_image_combined.png
2024-10-07 17:06:26,193:INFO: Inference completed.
2024-10-07 17:08:28,640:INFO: Loading trained model and scalers...
2024-10-07 17:08:32,748:INFO: Starting inference...
2024-10-07 17:08:43,810:INFO: Combined image saved to output/inferred_image_combined.png
2024-10-07 17:08:43,811:INFO: Inference completed.
2024-10-07 17:10:13,933:INFO: Loading trained model and scalers...
2024-10-07 17:10:17,937:INFO: Starting inference...
2024-10-07 17:11:07,842:INFO: Loading trained model and scalers...
2024-10-07 17:11:11,834:INFO: Starting inference...
2024-10-07 17:11:21,706:INFO: Combined image saved to output/inferred_image_combined.png
2024-10-07 17:11:21,710:INFO: Inference completed.
2024-10-07 17:13:02,896:INFO: Loading trained model and scalers...
2024-10-07 17:13:06,880:INFO: Starting inference...
2024-10-07 17:13:31,140:INFO: Combined image saved to output/inferred_image_combined.png
2024-10-07 17:13:31,140:INFO: Inference completed.
2024-10-07 17:13:39,588:INFO: Loading trained model and scalers...
2024-10-07 17:13:43,593:INFO: Starting inference...
2024-10-07 17:13:57,970:INFO: Combined image saved to output/inferred_image_combined.png
2024-10-07 17:13:57,971:INFO: Inference completed.
2024-10-07 17:14:00,027:INFO: Loading trained model and scalers...
2024-10-07 17:14:04,042:INFO: Starting inference...
2024-10-07 17:14:09,936:INFO: Combined image saved to output/inferred_image_combined.png
2024-10-07 17:14:09,937:INFO: Inference completed.
2024-10-07 17:14:56,293:INFO: Loading trained model and scalers...
2024-10-07 17:15:00,277:INFO: Starting inference...
2024-10-07 17:21:23,842:INFO: Combined image saved to output/inferred_image_combined.png
2024-10-07 17:21:23,843:INFO: Inference completed.
2024-10-07 17:22:29,662:INFO: Loading trained model and scalers...
2024-10-07 17:22:33,518:INFO: Starting inference...
2024-10-07 17:22:42,066:INFO: Combined image saved to output/inferred_image_combined.png
2024-10-07 17:22:42,067:INFO: Inference completed.
2024-10-07 17:27:31,955:INFO: Loading trained model and scalers...
2024-10-07 17:27:35,842:INFO: Starting inference...
2024-10-08 08:51:00,200:INFO: Combined image saved to output/inferred_image_combined.png
2024-10-08 08:51:00,201:INFO: Inference completed.
2024-10-08 08:51:02,219:INFO: Loading trained model and scalers...
2024-10-08 08:51:06,214:INFO: Starting inference...
2024-10-08 08:51:12,633:INFO: Combined image saved to output/inferred_image_combined.png
2024-10-08 08:51:12,634:INFO: Inference completed.
2024-10-08 08:51:32,361:INFO: Loading trained model and scalers...
2024-10-08 08:51:36,306:INFO: Starting inference...
2024-10-08 08:51:51,410:INFO: Combined image saved to output/inferred_image_combined.png
2024-10-08 08:51:51,414:INFO: Inference completed.
2024-10-08 08:51:57,488:INFO: Loading trained model and scalers...
2024-10-08 08:52:01,370:INFO: Starting inference...
2024-10-08 08:52:10,602:INFO: Combined image saved to output/inferred_image_combined.png
2024-10-08 08:52:10,603:INFO: Inference completed.
2024-10-08 09:00:43,935:INFO: Loading trained model and scalers...
2024-10-08 09:00:47,884:INFO: Starting inference...
2024-10-08 09:03:38,427:INFO: Loading trained model and scalers...
2024-10-08 09:03:42,301:INFO: Starting inference...
2024-10-08 09:05:20,009:INFO: Loading trained model and scalers...
2024-10-08 09:05:23,879:INFO: Starting inference...
2024-10-08 09:05:49,285:INFO: Combined image saved to output/inferred_image_combined.png
2024-10-08 09:05:49,286:INFO: Inference completed.
2024-10-08 09:18:36,313:INFO: Loading trained model and scalers...
2024-10-08 09:18:40,179:INFO: Starting inference...
2024-10-08 09:20:22,325:INFO: Loading trained model and scalers...
2024-10-08 09:20:26,227:INFO: Starting inference...
2024-10-08 09:20:34,820:INFO: Combined image saved to output/inferred_image_combined.png
2024-10-08 09:20:34,821:INFO: Inference completed.
2024-10-08 09:22:51,159:INFO: Loading trained model and scalers...
2024-10-08 09:22:55,106:INFO: Starting inference...
2024-10-08 09:23:22,354:INFO: Combined image saved to output/inferred_image_combined.png
2024-10-08 09:23:22,355:INFO: Inference completed.
2024-10-08 09:26:22,396:INFO: Loading trained model and scalers...
2024-10-08 09:26:26,273:INFO: Starting inference...
2024-10-08 09:26:35,720:INFO: Combined image saved to output/inferred_image_combined.png
2024-10-08 09:26:35,721:INFO: Inference completed.
2024-10-08 10:09:27,393:INFO: Loading trained model and scalers...
2024-10-08 10:09:31,289:INFO: Starting inference...
2024-10-08 10:09:39,355:INFO: Combined image saved to output/inferred_image_combined.png
2024-10-08 10:09:39,356:INFO: Inference completed.
2024-10-08 10:09:45,293:INFO: Loading trained model and scalers...
2024-10-08 10:09:49,164:INFO: Starting inference...
2024-10-08 10:09:56,254:INFO: Combined image saved to output/inferred_image_combined.png
2024-10-08 10:09:56,255:INFO: Inference completed.
2024-10-08 10:10:07,575:INFO: Loading trained model and scalers...
2024-10-08 10:10:11,463:INFO: Starting inference...
2024-10-08 10:10:19,082:INFO: Combined image saved to output/inferred_image_combined.png
2024-10-08 10:10:19,085:INFO: Inference completed.
2024-10-11 15:20:57,874:INFO: Loading trained model and scalers...
2024-10-11 15:21:01,764:INFO: Starting inference...
2024-10-11 15:21:24,479:INFO: Loading trained model and scalers...
2024-10-11 15:21:28,330:INFO: Starting inference...
2024-10-11 15:21:40,389:INFO: Loading trained model and scalers...
2024-10-11 15:21:44,258:INFO: Starting inference...
2024-10-11 15:21:50,599:INFO: Combined image saved to output/inferred_image_combined.png
2024-10-11 15:21:50,600:INFO: Inference completed.
2024-10-11 15:22:05,777:INFO: Loading trained model and scalers...
2024-10-11 15:22:09,562:INFO: Starting inference...
2024-10-11 15:22:19,315:INFO: Combined image saved to output/inferred_image_combined.png
2024-10-11 15:22:19,316:INFO: Inference completed.
2024-10-11 15:25:13,291:INFO: Loading trained model and scalers...
2024-10-11 15:25:17,335:INFO: Starting inference...
2024-10-11 15:25:43,183:INFO: Combined image saved to output/inferred_image_combined.png
2024-10-11 15:25:43,184:INFO: Inference completed.
2024-10-11 15:29:15,350:INFO: Loading trained model and scalers...
2024-10-11 15:29:19,176:INFO: Starting inference...
2024-10-11 15:29:32,485:INFO: Combined image saved to output/inferred_image_combined.png
2024-10-11 15:29:32,489:INFO: Inference completed.
2024-10-11 15:29:39,903:INFO: Loading trained model and scalers...
2024-10-11 15:29:43,753:INFO: Starting inference...
2024-10-11 15:29:51,167:INFO: Combined image saved to output/inferred_image_combined.png
2024-10-11 15:29:51,168:INFO: Inference completed.
2024-10-11 15:30:04,538:INFO: Loading trained model and scalers...
2024-10-11 15:30:08,364:INFO: Starting inference...
2024-10-11 15:30:15,084:INFO: Combined image saved to output/inferred_image_combined.png
2024-10-11 15:30:15,088:INFO: Inference completed.
2024-10-11 15:30:24,160:INFO: Loading trained model and scalers...
2024-10-11 15:30:28,008:INFO: Starting inference...
2024-10-11 15:30:34,101:INFO: Combined image saved to output/inferred_image_combined.png
2024-10-11 15:30:34,104:INFO: Inference completed.
2024-10-11 15:30:45,393:INFO: Loading trained model and scalers...
2024-10-11 15:30:49,261:INFO: Starting inference...
2024-10-11 15:30:57,650:INFO: Combined image saved to output/inferred_image_combined.png
2024-10-11 15:30:57,650:INFO: Inference completed.
2024-10-11 16:31:53,253:INFO: Loading trained model and scalers...
2024-10-11 16:31:57,354:INFO: Starting inference...
2024-10-11 16:33:41,849:INFO: Loading trained model and scalers...
2024-10-11 16:33:46,056:INFO: Starting inference...
2024-10-11 16:34:41,385:INFO: Loading trained model and scalers...
2024-10-11 16:34:45,467:INFO: Starting inference...
2024-10-11 16:37:07,056:INFO: Loading trained model and scalers...
2024-10-11 16:37:17,542:INFO: Loading trained model and scalers...
2024-10-11 16:37:21,690:INFO: Starting inference...
2024-10-11 16:38:40,397:INFO: Loading trained model and scalers...
2024-10-11 16:38:44,452:INFO: Starting inference...
2024-10-11 16:38:51,899:INFO: Combined image saved to output/inferred_image_combined.png
2024-10-11 16:38:51,900:INFO: Inference completed.
2024-10-11 16:39:15,284:INFO: Loading trained model and scalers...
2024-10-11 16:39:19,396:INFO: Starting inference...
2024-10-11 16:39:25,133:INFO: Combined image saved to output/inferred_image_combined.png
2024-10-11 16:39:25,134:INFO: Inference completed.
2024-10-11 16:39:48,838:INFO: Loading trained model and scalers...
2024-10-11 16:39:52,921:INFO: Starting inference...
2024-10-11 16:40:25,266:INFO: Combined image saved to output/inferred_image_combined.png
2024-10-11 16:40:25,267:INFO: Inference completed.
2024-10-11 16:40:34,208:INFO: Loading trained model and scalers...
2024-10-11 16:40:38,291:INFO: Starting inference...
2024-10-11 16:40:44,283:INFO: Combined image saved to output/inferred_image_combined.png
2024-10-11 16:40:44,284:INFO: Inference completed.
2024-10-11 16:40:57,229:INFO: Loading trained model and scalers...
2024-10-11 16:41:01,340:INFO: Starting inference...
2024-10-11 16:41:09,500:INFO: Combined image saved to output/inferred_image_combined.png
2024-10-11 16:41:09,501:INFO: Inference completed.
2024-10-11 16:41:37,737:INFO: Loading trained model and scalers...
2024-10-11 16:41:41,784:INFO: Starting inference...
2024-10-11 16:41:51,800:INFO: Combined image saved to output/inferred_image_combined.png
2024-10-11 16:41:51,801:INFO: Inference completed.
2024-10-11 16:43:43,725:INFO: Loading trained model and scalers...
2024-10-11 16:43:47,937:INFO: Starting inference...
2024-10-11 16:43:57,483:INFO: Combined image saved to output/inferred_image_combined.png
2024-10-11 16:43:57,484:INFO: Inference completed.
2024-10-11 16:44:32,252:INFO: Loading trained model and scalers...
2024-10-11 16:44:36,386:INFO: Starting inference...
2024-10-11 16:45:01,924:INFO: Combined image saved to output/inferred_image_combined.png
2024-10-11 16:45:01,925:INFO: Inference completed.
2024-10-11 16:45:40,936:INFO: Loading trained model and scalers...
2024-10-11 16:45:45,143:INFO: Starting inference...
2024-10-11 16:45:53,726:INFO: Combined image saved to output/inferred_image_combined.png
2024-10-11 16:45:53,729:INFO: Inference completed.
2024-10-11 16:46:26,634:INFO: Loading trained model and scalers...
2024-10-11 16:46:30,768:INFO: Starting inference...
2024-10-11 16:46:39,382:INFO: Combined image saved to output/inferred_image_combined.png
2024-10-11 16:46:39,383:INFO: Inference completed.
2024-10-11 16:47:28,886:INFO: Loading trained model and scalers...
2024-10-11 16:47:32,900:INFO: Starting inference...
2024-10-11 16:47:52,068:INFO: Combined image saved to output/inferred_image_combined.png
2024-10-11 16:47:52,069:INFO: Inference completed.
2024-10-11 17:01:34,785:INFO: Loading trained model and scalers...
2024-10-11 17:01:38,872:INFO: Starting inference...
2024-10-11 17:03:54,515:INFO: Combined image saved to output/inferred_image_combined.png
2024-10-11 17:03:54,516:INFO: Inference completed.
2024-10-11 17:03:56,685:INFO: Loading trained model and scalers...
2024-10-11 17:04:00,847:INFO: Starting inference...
2024-10-11 17:04:06,683:INFO: Combined image saved to output/inferred_image_combined.png
2024-10-11 17:04:06,686:INFO: Inference completed.
2024-10-14 07:49:01,879:INFO: Loading trained model and scalers...
2024-10-14 07:49:06,421:INFO: Starting inference...
2024-10-14 07:49:39,440:INFO: Combined image saved to output/inferred_image_combined.png
2024-10-14 07:49:39,441:INFO: Inference completed.
2024-10-14 07:49:48,570:INFO: Loading trained model and scalers...
2024-10-14 07:49:52,969:INFO: Starting inference...
